2017-05-14 20:24:45,833 [Worker-3] INFO  o.e.m.c.i.l.LifecycleMappingFactory - Using org.eclipse.m2e.jdt.JarLifecycleMapping lifecycle mapping for MavenProject: jenkins:jenhome:0.0.1-SNAPSHOT @ C:\Users\锋内\Desktop\jenhome2\jenhome\pom.xml.
2017-05-14 20:24:45,841 [Worker-12] INFO  o.e.m.c.i.l.LifecycleMappingFactory - Using org.eclipse.m2e.jdt.JarLifecycleMapping lifecycle mapping for MavenProject: jenkins:jenhome:0.0.1-SNAPSHOT @ C:\Users\锋内\Desktop\jenhome2\jenhome\pom.xml.
2017-05-14 20:24:46,774 [Worker-3] INFO  o.e.m.c.i.embedder.EclipseLogger - Using 'UTF-8' encoding to copy filtered resources.
2017-05-14 20:24:46,774 [Worker-3] INFO  o.e.m.c.i.embedder.EclipseLogger - skip non existing resourceDirectory C:\Users\锋内\Desktop\jenhome2\jenhome\src\main\resources
2017-05-14 20:24:46,776 [Worker-3] INFO  o.e.m.c.i.embedder.EclipseLogger - Using 'UTF-8' encoding to copy filtered resources.
2017-05-14 20:24:46,777 [Worker-3] INFO  o.e.m.c.i.embedder.EclipseLogger - skip non existing resourceDirectory C:\Users\锋内\Desktop\jenhome2\jenhome\src\test\resources
2017-05-14 20:24:48,639 [Worker-7] INFO  o.e.m.c.i.l.LifecycleMappingFactory - Using org.eclipse.m2e.jdt.JarLifecycleMapping lifecycle mapping for MavenProject: jenkins:jenhome:0.0.1-SNAPSHOT @ C:\Users\锋内\Desktop\jenhome2\jenhome\pom.xml.
2017-05-14 20:24:48,706 [Worker-9] INFO  o.e.m.c.i.embedder.EclipseLogger - Using 'UTF-8' encoding to copy filtered resources.
2017-05-14 20:24:48,707 [Worker-9] INFO  o.e.m.c.i.embedder.EclipseLogger - skip non existing resourceDirectory C:\Users\锋内\Desktop\jenhome2\jenhome\src\main\resources
2017-05-14 20:24:48,708 [Worker-9] INFO  o.e.m.c.i.embedder.EclipseLogger - Using 'UTF-8' encoding to copy filtered resources.
2017-05-14 20:24:48,708 [Worker-9] INFO  o.e.m.c.i.embedder.EclipseLogger - skip non existing resourceDirectory C:\Users\锋内\Desktop\jenhome2\jenhome\src\test\resources
2017-05-14 20:24:50,039 [Worker-11] INFO  o.e.m.c.i.embedder.EclipseLogger - Using 'UTF-8' encoding to copy filtered resources.
2017-05-14 20:24:50,040 [Worker-11] INFO  o.e.m.c.i.embedder.EclipseLogger - skip non existing resourceDirectory C:\Users\锋内\Desktop\jenhome2\jenhome\src\main\resources
2017-05-14 20:24:50,040 [Worker-11] INFO  o.e.m.c.i.embedder.EclipseLogger - Using 'UTF-8' encoding to copy filtered resources.
2017-05-14 20:24:50,040 [Worker-11] INFO  o.e.m.c.i.embedder.EclipseLogger - skip non existing resourceDirectory C:\Users\锋内\Desktop\jenhome2\jenhome\src\test\resources
2017-05-14 20:25:00,269 [Worker-3] INFO  o.e.m.c.i.l.LifecycleMappingFactory - Using org.eclipse.m2e.jdt.JarLifecycleMapping lifecycle mapping for MavenProject: jenkins:jenhome:0.0.1-SNAPSHOT @ C:\Users\锋内\Desktop\jenhome2\jenhome\pom.xml.
2017-05-14 20:25:00,912 [Worker-3] INFO  o.e.m.c.i.embedder.EclipseLogger - Using 'UTF-8' encoding to copy filtered resources.
2017-05-14 20:25:00,913 [Worker-3] INFO  o.e.m.c.i.embedder.EclipseLogger - skip non existing resourceDirectory C:\Users\锋内\Desktop\jenhome2\jenhome\src\main\resources
2017-05-14 20:25:00,914 [Worker-3] INFO  o.e.m.c.i.embedder.EclipseLogger - Using 'UTF-8' encoding to copy filtered resources.
2017-05-14 20:25:00,914 [Worker-3] INFO  o.e.m.c.i.embedder.EclipseLogger - skip non existing resourceDirectory C:\Users\锋内\Desktop\jenhome2\jenhome\src\test\resources
2017-05-14 20:25:02,607 [Worker-6] INFO  o.e.m.c.i.embedder.EclipseLogger - Using 'UTF-8' encoding to copy filtered resources.
2017-05-14 20:25:02,607 [Worker-6] INFO  o.e.m.c.i.embedder.EclipseLogger - skip non existing resourceDirectory C:\Users\锋内\Desktop\jenhome2\jenhome\src\main\resources
2017-05-14 20:25:02,609 [Worker-6] INFO  o.e.m.c.i.embedder.EclipseLogger - Using 'UTF-8' encoding to copy filtered resources.
2017-05-14 20:25:02,609 [Worker-6] INFO  o.e.m.c.i.embedder.EclipseLogger - skip non existing resourceDirectory C:\Users\锋内\Desktop\jenhome2\jenhome\src\test\resources
2017-05-14 20:25:13,442 [Worker-8] INFO  o.e.m.c.i.embedder.EclipseLogger - Using 'UTF-8' encoding to copy filtered resources.
2017-05-14 20:25:13,459 [Worker-8] INFO  o.e.m.c.i.embedder.EclipseLogger - skip non existing resourceDirectory C:\Users\锋内\Desktop\jenhome2\jenhome\src\main\resources
2017-05-14 20:25:13,465 [Worker-8] INFO  o.e.m.c.i.embedder.EclipseLogger - Using 'UTF-8' encoding to copy filtered resources.
2017-05-14 20:25:13,465 [Worker-8] INFO  o.e.m.c.i.embedder.EclipseLogger - skip non existing resourceDirectory C:\Users\锋内\Desktop\jenhome2\jenhome\src\test\resources
2017-05-14 20:25:28,943 [Worker-3] INFO  o.e.m.c.i.embedder.EclipseLogger - Using 'UTF-8' encoding to copy filtered resources.
2017-05-14 20:25:28,943 [Worker-3] INFO  o.e.m.c.i.embedder.EclipseLogger - skip non existing resourceDirectory C:\Users\锋内\Desktop\jenhome2\jenhome\src\main\resources
2017-05-14 20:25:28,944 [Worker-3] INFO  o.e.m.c.i.embedder.EclipseLogger - Using 'UTF-8' encoding to copy filtered resources.
2017-05-14 20:25:28,944 [Worker-3] INFO  o.e.m.c.i.embedder.EclipseLogger - skip non existing resourceDirectory C:\Users\锋内\Desktop\jenhome2\jenhome\src\test\resources
2017-05-14 20:25:32,238 [Worker-10] INFO  o.e.m.c.i.embedder.EclipseLogger - Using 'UTF-8' encoding to copy filtered resources.
2017-05-14 20:25:32,261 [Worker-10] INFO  o.e.m.c.i.embedder.EclipseLogger - skip non existing resourceDirectory C:\Users\锋内\Desktop\jenhome2\jenhome\src\main\resources
2017-05-14 20:25:32,265 [Worker-10] INFO  o.e.m.c.i.embedder.EclipseLogger - Using 'UTF-8' encoding to copy filtered resources.
2017-05-14 20:25:32,267 [Worker-10] INFO  o.e.m.c.i.embedder.EclipseLogger - skip non existing resourceDirectory C:\Users\锋内\Desktop\jenhome2\jenhome\src\test\resources
2017-05-14 20:26:04,808 [Worker-11] INFO  o.e.m.c.i.embedder.EclipseLogger - Using 'UTF-8' encoding to copy filtered resources.
2017-05-14 20:26:04,809 [Worker-11] INFO  o.e.m.c.i.embedder.EclipseLogger - skip non existing resourceDirectory C:\Users\锋内\Desktop\jenhome2\jenhome\src\main\resources
2017-05-14 20:26:04,809 [Worker-11] INFO  o.e.m.c.i.embedder.EclipseLogger - Using 'UTF-8' encoding to copy filtered resources.
2017-05-14 20:26:04,810 [Worker-11] INFO  o.e.m.c.i.embedder.EclipseLogger - skip non existing resourceDirectory C:\Users\锋内\Desktop\jenhome2\jenhome\src\test\resources
2017-05-14 20:27:52,277 [Worker-3] INFO  o.e.m.c.i.l.LifecycleMappingFactory - Using org.eclipse.m2e.jdt.JarLifecycleMapping lifecycle mapping for MavenProject: homework:hw:0.0.1-SNAPSHOT @ C:\Users\锋内\Desktop\jenhome2\jenhome\pom.xml.
2017-05-14 20:27:52,746 [Worker-3] INFO  o.e.m.c.i.embedder.EclipseLogger - Using 'UTF-8' encoding to copy filtered resources.
2017-05-14 20:27:52,751 [Worker-3] INFO  o.e.m.c.i.embedder.EclipseLogger - Copying 0 resource
2017-05-14 20:27:52,755 [Worker-3] INFO  o.e.m.c.i.embedder.EclipseLogger - skip non existing resourceDirectory C:\Users\锋内\Desktop\jenhome2\jenhome\src\main\resources
2017-05-14 20:27:52,758 [Worker-3] INFO  o.e.m.c.i.embedder.EclipseLogger - Using 'UTF-8' encoding to copy filtered resources.
2017-05-14 20:27:52,759 [Worker-3] INFO  o.e.m.c.i.embedder.EclipseLogger - skip non existing resourceDirectory C:\Users\锋内\Desktop\jenhome2\jenhome\src\test\resources
